<?xml version="1.0" encoding="UTF-8"?>
<testsuite name="com.bc.book.springboot.web.IndexControllerTest" tests="1" skipped="0" failures="0" errors="0" timestamp="2022-05-21T11:23:49" hostname="Byungui-MacBookPro.local" time="0.449">
  <properties/>
  <testcase name="메인페이지_로딩" classname="com.bc.book.springboot.web.IndexControllerTest" time="0.449"/>
  <system-out><![CDATA[20:23:42.567 [Test worker] DEBUG org.springframework.test.annotation.ProfileValueUtils - Retrieved @ProfileValueSourceConfiguration [null] for test class [com.bc.book.springboot.web.IndexControllerTest]
20:23:42.567 [Test worker] DEBUG org.springframework.test.annotation.ProfileValueUtils - Retrieved ProfileValueSource type [class org.springframework.test.annotation.SystemProfileValueSource] for class [com.bc.book.springboot.web.IndexControllerTest]
20:23:42.568 [Test worker] DEBUG org.springframework.test.annotation.ProfileValueUtils - Retrieved @ProfileValueSourceConfiguration [null] for test class [com.bc.book.springboot.web.IndexControllerTest]
20:23:42.568 [Test worker] DEBUG org.springframework.test.annotation.ProfileValueUtils - Retrieved ProfileValueSource type [class org.springframework.test.annotation.SystemProfileValueSource] for class [com.bc.book.springboot.web.IndexControllerTest]
20:23:42.576 [Test worker] DEBUG org.springframework.test.context.support.AbstractDirtiesContextTestExecutionListener - Before test class: context [DefaultTestContext@3375cb21 testClass = IndexControllerTest, testInstance = [null], testMethod = [null], testException = [null], mergedContextConfiguration = [WebMergedContextConfiguration@3fa8c7ba testClass = IndexControllerTest, locations = '{}', classes = '{class com.bc.book.springboot.Application}', contextInitializerClasses = '[]', activeProfiles = '{}', propertySourceLocations = '{}', propertySourceProperties = '{org.springframework.boot.test.context.SpringBootTestContextBootstrapper=true, server.port=0}', contextCustomizers = set[org.springframework.boot.test.autoconfigure.properties.PropertyMappingContextCustomizer@0, org.springframework.boot.test.autoconfigure.web.servlet.WebDriverContextCustomizerFactory$Customizer@722a0d5, org.springframework.boot.test.context.filter.ExcludeFilterContextCustomizer@6c85e52b, org.springframework.boot.test.json.DuplicateJsonObjectContextCustomizerFactory$DuplicateJsonObjectContextCustomizer@6f6234bb, org.springframework.boot.test.mock.mockito.MockitoContextCustomizer@0, org.springframework.boot.test.web.client.TestRestTemplateContextCustomizer@4ce43d30], resourceBasePath = 'src/main/webapp', contextLoader = 'org.springframework.boot.test.context.SpringBootContextLoader', parent = [null]], attributes = map['org.springframework.test.context.web.ServletTestExecutionListener.activateListener' -> false]], class annotated with @DirtiesContext [false] with mode [null].
20:23:42.578 [Test worker] DEBUG org.springframework.test.annotation.ProfileValueUtils - Retrieved @ProfileValueSourceConfiguration [null] for test class [com.bc.book.springboot.web.IndexControllerTest]
20:23:42.578 [Test worker] DEBUG org.springframework.test.annotation.ProfileValueUtils - Retrieved ProfileValueSource type [class org.springframework.test.annotation.SystemProfileValueSource] for class [com.bc.book.springboot.web.IndexControllerTest]
20:23:42.582 [Test worker] DEBUG org.springframework.test.context.support.DependencyInjectionTestExecutionListener - Performing dependency injection for test context [[DefaultTestContext@3375cb21 testClass = IndexControllerTest, testInstance = com.bc.book.springboot.web.IndexControllerTest@5f6e28bc, testMethod = [null], testException = [null], mergedContextConfiguration = [WebMergedContextConfiguration@3fa8c7ba testClass = IndexControllerTest, locations = '{}', classes = '{class com.bc.book.springboot.Application}', contextInitializerClasses = '[]', activeProfiles = '{}', propertySourceLocations = '{}', propertySourceProperties = '{org.springframework.boot.test.context.SpringBootTestContextBootstrapper=true, server.port=0}', contextCustomizers = set[org.springframework.boot.test.autoconfigure.properties.PropertyMappingContextCustomizer@0, org.springframework.boot.test.autoconfigure.web.servlet.WebDriverContextCustomizerFactory$Customizer@722a0d5, org.springframework.boot.test.context.filter.ExcludeFilterContextCustomizer@6c85e52b, org.springframework.boot.test.json.DuplicateJsonObjectContextCustomizerFactory$DuplicateJsonObjectContextCustomizer@6f6234bb, org.springframework.boot.test.mock.mockito.MockitoContextCustomizer@0, org.springframework.boot.test.web.client.TestRestTemplateContextCustomizer@4ce43d30], resourceBasePath = 'src/main/webapp', contextLoader = 'org.springframework.boot.test.context.SpringBootContextLoader', parent = [null]], attributes = map['org.springframework.test.context.web.ServletTestExecutionListener.activateListener' -> false]]].
20:23:42.605 [Test worker] DEBUG org.springframework.test.context.support.TestPropertySourceUtils - Adding inlined properties to environment: {spring.jmx.enabled=false, org.springframework.boot.test.context.SpringBootTestContextBootstrapper=true, server.port=0}

  .   ____          _            __ _ _
 /\\ / ___'_ __ _ _(_)_ __  __ _ \ \ \ \
( ( )\___ | '_ | '_| | '_ \/ _` | \ \ \ \
 \\/  ___)| |_)| | | | | || (_| |  ) ) ) )
  '  |____| .__|_| |_|_| |_\__, | / / / /
 =========|_|==============|___/=/_/_/_/
 :: Spring Boot ::        (v2.2.0.RELEASE)

2022-05-21 20:23:43.182  INFO 7549 --- [    Test worker] c.b.b.s.web.IndexControllerTest          : Starting IndexControllerTest on Byungui-MacBookPro.local with PID 7549 (started by bc in /Users/bc/Desktop/BC/springProject/AWS-service-project)
2022-05-21 20:23:43.185  INFO 7549 --- [    Test worker] c.b.b.s.web.IndexControllerTest          : No active profile set, falling back to default profiles: default
2022-05-21 20:23:44.143  INFO 7549 --- [    Test worker] .s.d.r.c.RepositoryConfigurationDelegate : Bootstrapping Spring Data repositories in DEFAULT mode.
2022-05-21 20:23:44.233  INFO 7549 --- [    Test worker] .s.d.r.c.RepositoryConfigurationDelegate : Finished Spring Data repository scanning in 82ms. Found 2 repository interfaces.
2022-05-21 20:23:45.053  INFO 7549 --- [    Test worker] trationDelegate$BeanPostProcessorChecker : Bean 'org.springframework.transaction.annotation.ProxyTransactionManagementConfiguration' of type [org.springframework.transaction.annotation.ProxyTransactionManagementConfiguration] is not eligible for getting processed by all BeanPostProcessors (for example: not eligible for auto-proxying)
2022-05-21 20:23:45.498  INFO 7549 --- [    Test worker] o.s.b.w.embedded.tomcat.TomcatWebServer  : Tomcat initialized with port(s): 0 (http)
2022-05-21 20:23:45.509  INFO 7549 --- [    Test worker] o.apache.catalina.core.StandardService   : Starting service [Tomcat]
2022-05-21 20:23:45.509  INFO 7549 --- [    Test worker] org.apache.catalina.core.StandardEngine  : Starting Servlet engine: [Apache Tomcat/9.0.27]
2022-05-21 20:23:45.673  INFO 7549 --- [    Test worker] o.a.c.c.C.[Tomcat].[localhost].[/]       : Initializing Spring embedded WebApplicationContext
2022-05-21 20:23:45.674  INFO 7549 --- [    Test worker] o.s.web.context.ContextLoader            : Root WebApplicationContext: initialization completed in 2459 ms
2022-05-21 20:23:45.815  INFO 7549 --- [    Test worker] com.zaxxer.hikari.HikariDataSource       : HikariPool-1 - Starting...
2022-05-21 20:23:45.955  INFO 7549 --- [    Test worker] com.zaxxer.hikari.HikariDataSource       : HikariPool-1 - Start completed.
2022-05-21 20:23:45.962  INFO 7549 --- [    Test worker] o.s.b.a.h2.H2ConsoleAutoConfiguration    : H2 console available at '/h2-console'. Database available at 'jdbc:h2:mem:testdb'
2022-05-21 20:23:46.288  INFO 7549 --- [    Test worker] o.hibernate.jpa.internal.util.LogHelper  : HHH000204: Processing PersistenceUnitInfo [name: default]
2022-05-21 20:23:46.348  INFO 7549 --- [    Test worker] org.hibernate.Version                    : HHH000412: Hibernate Core {5.4.6.Final}
2022-05-21 20:23:46.462  INFO 7549 --- [    Test worker] o.hibernate.annotations.common.Version   : HCANN000001: Hibernate Commons Annotations {5.1.0.Final}
2022-05-21 20:23:46.544  INFO 7549 --- [    Test worker] org.hibernate.dialect.Dialect            : HHH000400: Using dialect: org.hibernate.dialect.MySQL5Dialect
Hibernate: drop table if exists posts
Hibernate: drop table if exists user
Hibernate: create table posts (id bigint not null auto_increment, created_date datetime, modified_date datetime, author varchar(255), content TEXT not null, title varchar(500) not null, primary key (id)) engine=MyISAM
Hibernate: create table user (id bigint not null auto_increment, email varchar(255) not null, name varchar(255) not null, picture varchar(255), role varchar(255) not null, primary key (id)) engine=MyISAM
2022-05-21 20:23:47.405  INFO 7549 --- [    Test worker] o.h.e.t.j.p.i.JtaPlatformInitiator       : HHH000490: Using JtaPlatform implementation: [org.hibernate.engine.transaction.jta.platform.internal.NoJtaPlatform]
2022-05-21 20:23:47.416  INFO 7549 --- [    Test worker] j.LocalContainerEntityManagerFactoryBean : Initialized JPA EntityManagerFactory for persistence unit 'default'
2022-05-21 20:23:48.172  WARN 7549 --- [    Test worker] JpaBaseConfiguration$JpaWebConfiguration : spring.jpa.open-in-view is enabled by default. Therefore, database queries may be performed during view rendering. Explicitly configure spring.jpa.open-in-view to disable this warning
2022-05-21 20:23:48.817  INFO 7549 --- [    Test worker] o.s.s.web.DefaultSecurityFilterChain     : Creating filter chain: any request, [org.springframework.security.web.context.request.async.WebAsyncManagerIntegrationFilter@7b2dd58c, org.springframework.security.web.context.SecurityContextPersistenceFilter@3c187a63, org.springframework.security.web.header.HeaderWriterFilter@49e736fd, org.springframework.security.web.authentication.logout.LogoutFilter@6367d25c, org.springframework.security.oauth2.client.web.OAuth2AuthorizationRequestRedirectFilter@40ba6f7f, org.springframework.security.oauth2.client.web.OAuth2LoginAuthenticationFilter@2de1baaa, org.springframework.security.web.authentication.ui.DefaultLoginPageGeneratingFilter@11b65deb, org.springframework.security.web.authentication.ui.DefaultLogoutPageGeneratingFilter@47eb3958, org.springframework.security.web.savedrequest.RequestCacheAwareFilter@2345765f, org.springframework.security.web.servletapi.SecurityContextHolderAwareRequestFilter@50425593, org.springframework.security.web.authentication.AnonymousAuthenticationFilter@68e26d58, org.springframework.security.web.session.SessionManagementFilter@1bc63829, org.springframework.security.web.access.ExceptionTranslationFilter@1af9aa72, org.springframework.security.web.access.intercept.FilterSecurityInterceptor@8c80cc2]
2022-05-21 20:23:49.223  INFO 7549 --- [    Test worker] o.s.s.concurrent.ThreadPoolTaskExecutor  : Initializing ExecutorService 'applicationTaskExecutor'
2022-05-21 20:23:49.348  INFO 7549 --- [    Test worker] o.s.b.a.w.s.WelcomePageHandlerMapping    : Adding welcome page template: index
2022-05-21 20:23:49.795  INFO 7549 --- [    Test worker] s.a.ScheduledAnnotationBeanPostProcessor : No TaskScheduler/ScheduledExecutorService bean found for scheduled processing
2022-05-21 20:23:49.818  INFO 7549 --- [    Test worker] o.s.b.w.embedded.tomcat.TomcatWebServer  : Tomcat started on port(s): 53280 (http) with context path ''
2022-05-21 20:23:49.822  INFO 7549 --- [    Test worker] c.b.b.s.web.IndexControllerTest          : Started IndexControllerTest in 7.214 seconds (JVM running for 8.917)
2022-05-21 20:23:50.077  INFO 7549 --- [o-auto-1-exec-1] o.a.c.c.C.[Tomcat].[localhost].[/]       : Initializing Spring DispatcherServlet 'dispatcherServlet'
2022-05-21 20:23:50.078  INFO 7549 --- [o-auto-1-exec-1] o.s.web.servlet.DispatcherServlet        : Initializing Servlet 'dispatcherServlet'
2022-05-21 20:23:50.132  INFO 7549 --- [o-auto-1-exec-1] o.s.web.servlet.DispatcherServlet        : Completed initialization in 54 ms
Hibernate: select posts0_.id as id1_0_, posts0_.created_date as created_2_0_, posts0_.modified_date as modified3_0_, posts0_.author as author4_0_, posts0_.content as content5_0_, posts0_.title as title6_0_ from posts posts0_ order by posts0_.id DESC
]]></system-out>
  <system-err><![CDATA[]]></system-err>
</testsuite>
