<?xml version="1.0" encoding="UTF-8"?>
<testsuite name="com.bc.book.springboot.domain.posts.PostsRepositoryTest" tests="2" skipped="0" failures="0" errors="0" timestamp="2022-05-21T11:23:52" hostname="Byungui-MacBookPro.local" time="0.109">
  <properties/>
  <testcase name="게시글저장_불러오기" classname="com.bc.book.springboot.domain.posts.PostsRepositoryTest" time="0.098"/>
  <testcase name="BaseTimeEntity_등록" classname="com.bc.book.springboot.domain.posts.PostsRepositoryTest" time="0.009"/>
  <system-out><![CDATA[
  .   ____          _            __ _ _
 /\\ / ___'_ __ _ _(_)_ __  __ _ \ \ \ \
( ( )\___ | '_ | '_| | '_ \/ _` | \ \ \ \
 \\/  ___)| |_)| | | | | || (_| |  ) ) ) )
  '  |____| .__|_| |_|_| |_\__, | / / / /
 =========|_|==============|___/=/_/_/_/
 :: Spring Boot ::        (v2.2.0.RELEASE)

2022-05-21 20:23:50.811  INFO 7549 --- [    Test worker] c.b.b.s.d.posts.PostsRepositoryTest      : Starting PostsRepositoryTest on Byungui-MacBookPro.local with PID 7549 (started by bc in /Users/bc/Desktop/BC/springProject/AWS-service-project)
2022-05-21 20:23:50.812  INFO 7549 --- [    Test worker] c.b.b.s.d.posts.PostsRepositoryTest      : No active profile set, falling back to default profiles: default
2022-05-21 20:23:51.283  INFO 7549 --- [    Test worker] .s.d.r.c.RepositoryConfigurationDelegate : Bootstrapping Spring Data repositories in DEFAULT mode.
2022-05-21 20:23:51.324  INFO 7549 --- [    Test worker] .s.d.r.c.RepositoryConfigurationDelegate : Finished Spring Data repository scanning in 37ms. Found 2 repository interfaces.
2022-05-21 20:23:51.573  INFO 7549 --- [    Test worker] trationDelegate$BeanPostProcessorChecker : Bean 'org.springframework.transaction.annotation.ProxyTransactionManagementConfiguration' of type [org.springframework.transaction.annotation.ProxyTransactionManagementConfiguration] is not eligible for getting processed by all BeanPostProcessors (for example: not eligible for auto-proxying)
2022-05-21 20:23:51.654  INFO 7549 --- [    Test worker] com.zaxxer.hikari.HikariDataSource       : HikariPool-2 - Starting...
2022-05-21 20:23:51.659  INFO 7549 --- [    Test worker] com.zaxxer.hikari.HikariDataSource       : HikariPool-2 - Start completed.
2022-05-21 20:23:51.674  INFO 7549 --- [    Test worker] o.hibernate.jpa.internal.util.LogHelper  : HHH000204: Processing PersistenceUnitInfo [name: default]
2022-05-21 20:23:51.683  INFO 7549 --- [    Test worker] org.hibernate.dialect.Dialect            : HHH000400: Using dialect: org.hibernate.dialect.MySQL5Dialect
Hibernate: drop table if exists posts
Hibernate: drop table if exists user
Hibernate: create table posts (id bigint not null auto_increment, created_date datetime, modified_date datetime, author varchar(255), content TEXT not null, title varchar(500) not null, primary key (id)) engine=MyISAM
Hibernate: create table user (id bigint not null auto_increment, email varchar(255) not null, name varchar(255) not null, picture varchar(255), role varchar(255) not null, primary key (id)) engine=MyISAM
2022-05-21 20:23:51.758  INFO 7549 --- [    Test worker] o.h.e.t.j.p.i.JtaPlatformInitiator       : HHH000490: Using JtaPlatform implementation: [org.hibernate.engine.transaction.jta.platform.internal.NoJtaPlatform]
2022-05-21 20:23:51.759  INFO 7549 --- [    Test worker] j.LocalContainerEntityManagerFactoryBean : Initialized JPA EntityManagerFactory for persistence unit 'default'
2022-05-21 20:23:51.877  WARN 7549 --- [    Test worker] JpaBaseConfiguration$JpaWebConfiguration : spring.jpa.open-in-view is enabled by default. Therefore, database queries may be performed during view rendering. Explicitly configure spring.jpa.open-in-view to disable this warning
2022-05-21 20:23:52.116  INFO 7549 --- [    Test worker] o.s.s.web.DefaultSecurityFilterChain     : Creating filter chain: any request, [org.springframework.security.web.context.request.async.WebAsyncManagerIntegrationFilter@7c697acf, org.springframework.security.web.context.SecurityContextPersistenceFilter@e218a99, org.springframework.security.web.header.HeaderWriterFilter@146a684f, org.springframework.security.web.authentication.logout.LogoutFilter@77469630, org.springframework.security.oauth2.client.web.OAuth2AuthorizationRequestRedirectFilter@7779c612, org.springframework.security.oauth2.client.web.OAuth2LoginAuthenticationFilter@5b1c921e, org.springframework.security.web.authentication.ui.DefaultLoginPageGeneratingFilter@5a0b0b54, org.springframework.security.web.authentication.ui.DefaultLogoutPageGeneratingFilter@5fe48fa1, org.springframework.security.web.savedrequest.RequestCacheAwareFilter@516fcf4e, org.springframework.security.web.servletapi.SecurityContextHolderAwareRequestFilter@1680fd3c, org.springframework.security.web.authentication.AnonymousAuthenticationFilter@66148b19, org.springframework.security.web.session.SessionManagementFilter@379f7b1b, org.springframework.security.web.access.ExceptionTranslationFilter@43b6546, org.springframework.security.web.access.intercept.FilterSecurityInterceptor@584f6c37]
2022-05-21 20:23:52.318  INFO 7549 --- [    Test worker] o.s.s.concurrent.ThreadPoolTaskExecutor  : Initializing ExecutorService 'applicationTaskExecutor'
2022-05-21 20:23:52.351  INFO 7549 --- [    Test worker] o.s.b.a.w.s.WelcomePageHandlerMapping    : Adding welcome page template: index
2022-05-21 20:23:52.558  INFO 7549 --- [    Test worker] o.s.b.a.h2.H2ConsoleAutoConfiguration    : H2 console available at '/h2-console'. Database available at 'jdbc:h2:mem:testdb'
2022-05-21 20:23:52.678  INFO 7549 --- [    Test worker] s.a.ScheduledAnnotationBeanPostProcessor : No TaskScheduler/ScheduledExecutorService bean found for scheduled processing
2022-05-21 20:23:52.680  INFO 7549 --- [    Test worker] c.b.b.s.d.posts.PostsRepositoryTest      : Started PostsRepositoryTest in 1.907 seconds (JVM running for 11.775)
Hibernate: insert into posts (created_date, modified_date, author, content, title) values (?, ?, ?, ?, ?)
Hibernate: select posts0_.id as id1_0_, posts0_.created_date as created_2_0_, posts0_.modified_date as modified3_0_, posts0_.author as author4_0_, posts0_.content as content5_0_, posts0_.title as title6_0_ from posts posts0_
Hibernate: select posts0_.id as id1_0_, posts0_.created_date as created_2_0_, posts0_.modified_date as modified3_0_, posts0_.author as author4_0_, posts0_.content as content5_0_, posts0_.title as title6_0_ from posts posts0_
Hibernate: delete from posts where id=?
Hibernate: insert into posts (created_date, modified_date, author, content, title) values (?, ?, ?, ?, ?)
Hibernate: select posts0_.id as id1_0_, posts0_.created_date as created_2_0_, posts0_.modified_date as modified3_0_, posts0_.author as author4_0_, posts0_.content as content5_0_, posts0_.title as title6_0_ from posts posts0_
>>>>>>>>>>> createDate=2022-05-21T20:23:52.798501 , modifiedDate=2022-05-21T20:23:52.798501
Hibernate: select posts0_.id as id1_0_, posts0_.created_date as created_2_0_, posts0_.modified_date as modified3_0_, posts0_.author as author4_0_, posts0_.content as content5_0_, posts0_.title as title6_0_ from posts posts0_
Hibernate: delete from posts where id=?
]]></system-out>
  <system-err><![CDATA[]]></system-err>
</testsuite>
