<?xml version="1.0" encoding="UTF-8"?>
<testsuite name="com.bc.book.springboot.web.dto.HelloResponseDtoTest" tests="1" skipped="0" failures="0" errors="0" timestamp="2022-05-21T11:23:42" hostname="Byungui-MacBookPro.local" time="0.035">
  <properties/>
  <testcase name="롬복_기능_테스트" classname="com.bc.book.springboot.web.dto.HelloResponseDtoTest" time="0.035"/>
  <system-out><![CDATA[]]></system-out>
  <system-err><![CDATA[]]></system-err>
</testsuite>
